0 verbose cli C:\Program Files\nodejs\node.exe C:\Users\Ajmal\AppData\Roaming\npm\node_modules\npm\bin\npm-cli.js
1 info using npm@10.0.0
2 info using node@v18.17.1
3 timing npm:load:whichnode Completed in 7ms
4 timing config:load:defaults Completed in 5ms
5 timing config:load:file:C:\Users\Ajmal\AppData\Roaming\npm\node_modules\npm\npmrc Completed in 10ms
6 timing config:load:builtin Completed in 11ms
7 timing config:load:cli Completed in 7ms
8 timing config:load:env Completed in 1ms
9 timing config:load:file:C:\Users\Ajmal\OneDrive\Desktop\ab-final-machine-task\products-listing\.npmrc Completed in 0ms
10 timing config:load:project Completed in 8ms
11 timing config:load:file:C:\Users\Ajmal\.npmrc Completed in 2ms
12 timing config:load:user Completed in 3ms
13 timing config:load:file:C:\Users\Ajmal\AppData\Roaming\npm\etc\npmrc Completed in 0ms
14 timing config:load:global Completed in 1ms
15 timing config:load:setEnvs Completed in 2ms
16 timing config:load Completed in 38ms
17 timing npm:load:configload Completed in 38ms
18 timing config:load:flatten Completed in 9ms
19 timing npm:load:mkdirpcache Completed in 4ms
20 timing npm:load:mkdirplogs Completed in 2ms
21 verbose title npm
22 verbose argv "--cache" "clean"
23 timing npm:load:setTitle Completed in 5ms
24 timing npm:load:display Completed in 2ms
25 verbose logfile logs-max:10 dir:C:\Users\Ajmal\OneDrive\Desktop\ab-final-machine-task\products-listing\clean\_logs\2024-01-18T11_56_19_902Z-
26 verbose logfile C:\Users\Ajmal\OneDrive\Desktop\ab-final-machine-task\products-listing\clean\_logs\2024-01-18T11_56_19_902Z-debug-0.log
27 timing npm:load:logFile Completed in 22ms
28 timing npm:load:timers Completed in 0ms
29 timing npm:load:configScope Completed in 1ms
30 timing npm:load Completed in 158ms
31 verbose exit 1
32 timing npm Completed in 180ms
33 verbose code 1
